

================================================================
== Vitis HLS Report for 'compute_row_operations_Pipeline_VITIS_LOOP_87_9_VITIS_LOOP_89_10'
================================================================
* Date:           Sun Aug 10 20:37:54 2025

* Version:        2025.1 (Build 6135595 on May 21 2025)
* Project:        krnl_row_operations
* Solution:       hls (Vitis Kernel Flow Target)
* Product family: zynquplus
* Target device:  xczu7ev-ffvc1156-2-e


================================================================
== Performance Estimates
================================================================
+ Timing: 
    * Summary: 
    +--------+----------+----------+------------+
    |  Clock |  Target  | Estimated| Uncertainty|
    +--------+----------+----------+------------+
    |ap_clk  |  10.00 ns|  7.300 ns|     2.70 ns|
    +--------+----------+----------+------------+

+ Latency: 
    * Summary: 
    +---------+---------+----------+----------+-----+-----+------------------------------------------------+
    |  Latency (cycles) |  Latency (absolute) |  Interval |                    Pipeline                    |
    |   min   |   max   |    min   |    max   | min | max |                      Type                      |
    +---------+---------+----------+----------+-----+-----+------------------------------------------------+
    |       34|       34|  0.340 us|  0.340 us|   31|   31|  loop auto-rewind stp (delay=0 clock cycles(s))|
    +---------+---------+----------+----------+-----+-----+------------------------------------------------+

    + Detail: 
        * Instance: 
        N/A

        * Loop: 
        +------------------------------------+---------+---------+----------+-----------+-----------+------+----------+
        |                                    |  Latency (cycles) | Iteration|  Initiation Interval  | Trip |          |
        |              Loop Name             |   min   |   max   |  Latency |  achieved |   target  | Count| Pipelined|
        +------------------------------------+---------+---------+----------+-----------+-----------+------+----------+
        |- VITIS_LOOP_87_9_VITIS_LOOP_89_10  |       32|       32|         4|          1|          1|    30|       yes|
        +------------------------------------+---------+---------+----------+-----------+-----------+------+----------+

============================================================
+ Verbose Summary: Synthesis Manager
============================================================
InlineROM: 1
ExposeGlobal: 0
============================================================
+ Verbose Summary: CDFG Model
============================================================
IsTopModel: 0
ResetActiveHigh: 1
IsCombinational: 0
IsDatapathOnly: 0
HasWiredReturn: 1
HasMFsm: 2
HasVarLatency: 1
IsPipeline: 0
IsRtlPipelined: 0
IsInstanceOverlapped: 0
IsDontTouch: 0
HasImplIP: 0
IsGatedGlobalClock: 0

+ Individual pipeline summary: 
  * Pipeline-0: initiation interval (II) = 1, depth = 4


============================================================
+ Verbose Summary: Schedule
============================================================
* Number of FSM states : 4
* Pipeline : 1
  Pipeline-0 : II = 1, D = 4, States = { 1 2 3 4 }
* Dataflow Pipeline: 0

* FSM state transitions: 
1 --> 2 
2 --> 3 
3 --> 4 
4 --> 

* FSM state operations: 

State 1 <SV = 0> <Delay = 2.83>
ST_1 : Operation 7 [1/1] (0.00ns)   --->   "%phi_ln90 = alloca i32 1"   --->   Operation 7 'alloca' 'phi_ln90' <Predicate = true> <Delay = 0.00>
ST_1 : Operation 8 [1/1] (0.00ns)   --->   "%j = alloca i32 1" [../compute_row_operations.cpp:89]   --->   Operation 8 'alloca' 'j' <Predicate = true> <Delay = 0.00>
ST_1 : Operation 9 [1/1] (0.00ns)   --->   "%i = alloca i32 1" [../compute_row_operations.cpp:87]   --->   Operation 9 'alloca' 'i' <Predicate = true> <Delay = 0.00>
ST_1 : Operation 10 [1/1] (0.00ns)   --->   "%indvar_flatten33 = alloca i32 1"   --->   Operation 10 'alloca' 'indvar_flatten33' <Predicate = true> <Delay = 0.00>
ST_1 : Operation 11 [1/1] (0.00ns)   --->   "%L_cache_9_load1 = alloca i32 1"   --->   Operation 11 'alloca' 'L_cache_9_load1' <Predicate = true> <Delay = 0.00>
ST_1 : Operation 12 [1/1] (0.00ns)   --->   "%L_cache_8_load3 = alloca i32 1"   --->   Operation 12 'alloca' 'L_cache_8_load3' <Predicate = true> <Delay = 0.00>
ST_1 : Operation 13 [1/1] (0.00ns)   --->   "%L_cache_7_load5 = alloca i32 1"   --->   Operation 13 'alloca' 'L_cache_7_load5' <Predicate = true> <Delay = 0.00>
ST_1 : Operation 14 [1/1] (0.00ns)   --->   "%L_cache_6_load7 = alloca i32 1"   --->   Operation 14 'alloca' 'L_cache_6_load7' <Predicate = true> <Delay = 0.00>
ST_1 : Operation 15 [1/1] (0.00ns)   --->   "%L_cache_5_load9 = alloca i32 1"   --->   Operation 15 'alloca' 'L_cache_5_load9' <Predicate = true> <Delay = 0.00>
ST_1 : Operation 16 [1/1] (0.00ns)   --->   "%L_cache_4_load11 = alloca i32 1"   --->   Operation 16 'alloca' 'L_cache_4_load11' <Predicate = true> <Delay = 0.00>
ST_1 : Operation 17 [1/1] (0.00ns)   --->   "%L_cache_3_load13 = alloca i32 1"   --->   Operation 17 'alloca' 'L_cache_3_load13' <Predicate = true> <Delay = 0.00>
ST_1 : Operation 18 [1/1] (0.00ns)   --->   "%L_cache_2_load15 = alloca i32 1"   --->   Operation 18 'alloca' 'L_cache_2_load15' <Predicate = true> <Delay = 0.00>
ST_1 : Operation 19 [1/1] (0.00ns)   --->   "%L_cache_1_load17 = alloca i32 1"   --->   Operation 19 'alloca' 'L_cache_1_load17' <Predicate = true> <Delay = 0.00>
ST_1 : Operation 20 [1/1] (0.00ns)   --->   "%L_cache_load19 = alloca i32 1"   --->   Operation 20 'alloca' 'L_cache_load19' <Predicate = true> <Delay = 0.00>
ST_1 : Operation 21 [1/1] (0.00ns)   --->   "%sext_ln15_read = read i61 @_ssdm_op_Read.ap_auto.i61, i61 %sext_ln15"   --->   Operation 21 'read' 'sext_ln15_read' <Predicate = true> <Delay = 0.00>
ST_1 : Operation 22 [1/1] (0.00ns)   --->   "%sext_ln15_cast = sext i61 %sext_ln15_read"   --->   Operation 22 'sext' 'sext_ln15_cast' <Predicate = true> <Delay = 0.00>
ST_1 : Operation 23 [1/1] (0.00ns)   --->   "%specinterface_ln0 = specinterface void @_ssdm_op_SpecInterface, i64 %gmem0, void @empty_2, i32 0, i32 0, void @empty_3, i32 64, i32 0, void @empty_4, void @empty_5, void @empty_3, i32 16, i32 16, i32 16, i32 16, void @empty_3, void @empty_3, i32 4294967295, i32 0, i32 0"   --->   Operation 23 'specinterface' 'specinterface_ln0' <Predicate = true> <Delay = 0.00>
ST_1 : Operation 24 [1/1] (0.42ns)   --->   "%store_ln0 = store i5 0, i5 %indvar_flatten33"   --->   Operation 24 'store' 'store_ln0' <Predicate = true> <Delay = 0.42>
ST_1 : Operation 25 [1/1] (0.42ns)   --->   "%store_ln87 = store i2 0, i2 %i" [../compute_row_operations.cpp:87]   --->   Operation 25 'store' 'store_ln87' <Predicate = true> <Delay = 0.42>
ST_1 : Operation 26 [1/1] (0.42ns)   --->   "%store_ln89 = store i4 0, i4 %j" [../compute_row_operations.cpp:89]   --->   Operation 26 'store' 'store_ln89' <Predicate = true> <Delay = 0.42>
ST_1 : Operation 27 [1/1] (0.42ns)   --->   "%store_ln0 = store i32 0, i32 %phi_ln90"   --->   Operation 27 'store' 'store_ln0' <Predicate = true> <Delay = 0.42>
ST_1 : Operation 28 [1/1] (0.00ns)   --->   "%br_ln0 = br void %for.inc156"   --->   Operation 28 'br' 'br_ln0' <Predicate = true> <Delay = 0.00>
ST_1 : Operation 29 [1/1] (0.00ns)   --->   "%indvar_flatten33_load = load i5 %indvar_flatten33" [../compute_row_operations.cpp:87]   --->   Operation 29 'load' 'indvar_flatten33_load' <Predicate = true> <Delay = 0.00>
ST_1 : Operation 30 [1/1] (0.00ns)   --->   "%specbitsmap_ln0 = specbitsmap void @_ssdm_op_SpecBitsMap, i64 %gmem0"   --->   Operation 30 'specbitsmap' 'specbitsmap_ln0' <Predicate = true> <Delay = 0.00>
ST_1 : Operation 31 [1/1] (0.78ns)   --->   "%icmp_ln87 = icmp_eq  i5 %indvar_flatten33_load, i5 30" [../compute_row_operations.cpp:87]   --->   Operation 31 'icmp' 'icmp_ln87' <Predicate = true> <Delay = 0.78> <CoreInst = "Cmp">   --->   Core 9 'Cmp' <Latency = 0> <II = 1> <Delay = 0.78> <FuncUnit> <Opcode : 'seteq' 'setne' 'setle' 'setge' 'setlt' 'setgt'> <InPorts = 2> <OutPorts = 1>
ST_1 : Operation 32 [1/1] (0.78ns)   --->   "%add_ln87 = add i5 %indvar_flatten33_load, i5 1" [../compute_row_operations.cpp:87]   --->   Operation 32 'add' 'add_ln87' <Predicate = true> <Delay = 0.78> <CoreInst = "Adder">   --->   Core 1 'Adder' <Latency = 0> <II = 1> <Delay = 0.78> <FuncUnit> <Opcode : 'add' 'sub'> <InPorts = 2> <OutPorts = 1>
ST_1 : Operation 33 [1/1] (0.00ns)   --->   "%br_ln87 = br i1 %icmp_ln87, void %for.inc160, void %for.end163.exitStub" [../compute_row_operations.cpp:87]   --->   Operation 33 'br' 'br_ln87' <Predicate = true> <Delay = 0.00>
ST_1 : Operation 34 [1/1] (0.00ns)   --->   "%j_load = load i4 %j" [../compute_row_operations.cpp:89]   --->   Operation 34 'load' 'j_load' <Predicate = (!icmp_ln87)> <Delay = 0.00>
ST_1 : Operation 35 [1/1] (0.00ns)   --->   "%i_load = load i2 %i" [../compute_row_operations.cpp:87]   --->   Operation 35 'load' 'i_load' <Predicate = (!icmp_ln87)> <Delay = 0.00>
ST_1 : Operation 36 [1/1] (0.79ns)   --->   "%icmp_ln89 = icmp_eq  i4 %j_load, i4 10" [../compute_row_operations.cpp:89]   --->   Operation 36 'icmp' 'icmp_ln89' <Predicate = (!icmp_ln87)> <Delay = 0.79> <CoreInst = "Cmp">   --->   Core 9 'Cmp' <Latency = 0> <II = 1> <Delay = 0.79> <FuncUnit> <Opcode : 'seteq' 'setne' 'setle' 'setge' 'setlt' 'setgt'> <InPorts = 2> <OutPorts = 1>
ST_1 : Operation 37 [1/1] (0.39ns)   --->   "%select_ln87 = select i1 %icmp_ln89, i4 0, i4 %j_load" [../compute_row_operations.cpp:87]   --->   Operation 37 'select' 'select_ln87' <Predicate = (!icmp_ln87)> <Delay = 0.39> <CoreInst = "Sel">   --->   Core 73 'Sel' <Latency = 0> <II = 1> <Delay = 0.39> <FuncUnit> <Opcode : 'select'> <InPorts = 3> <OutPorts = 1>
ST_1 : Operation 38 [1/1] (0.54ns)   --->   "%add_ln87_1 = add i2 %i_load, i2 1" [../compute_row_operations.cpp:87]   --->   Operation 38 'add' 'add_ln87_1' <Predicate = (!icmp_ln87)> <Delay = 0.54> <CoreInst = "Adder">   --->   Core 1 'Adder' <Latency = 0> <II = 1> <Delay = 0.54> <FuncUnit> <Opcode : 'add' 'sub'> <InPorts = 2> <OutPorts = 1>
ST_1 : Operation 39 [1/1] (0.17ns)   --->   "%select_ln87_2 = select i1 %icmp_ln89, i2 %add_ln87_1, i2 %i_load" [../compute_row_operations.cpp:87]   --->   Operation 39 'select' 'select_ln87_2' <Predicate = (!icmp_ln87)> <Delay = 0.17> <CoreInst = "Sel">   --->   Core 73 'Sel' <Latency = 0> <II = 1> <Delay = 0.17> <FuncUnit> <Opcode : 'select'> <InPorts = 3> <OutPorts = 1>
ST_1 : Operation 40 [1/1] (0.79ns)   --->   "%first_iter_2 = icmp_eq  i4 %select_ln87, i4 0" [../compute_row_operations.cpp:87]   --->   Operation 40 'icmp' 'first_iter_2' <Predicate = (!icmp_ln87)> <Delay = 0.79> <CoreInst = "Cmp">   --->   Core 9 'Cmp' <Latency = 0> <II = 1> <Delay = 0.79> <FuncUnit> <Opcode : 'seteq' 'setne' 'setle' 'setge' 'setlt' 'setgt'> <InPorts = 2> <OutPorts = 1>
ST_1 : Operation 41 [1/1] (0.00ns)   --->   "%zext_ln87 = zext i2 %select_ln87_2" [../compute_row_operations.cpp:87]   --->   Operation 41 'zext' 'zext_ln87' <Predicate = (!icmp_ln87)> <Delay = 0.00>
ST_1 : Operation 42 [1/1] (0.00ns)   --->   "%L_cache_addr = getelementptr i32 %L_cache, i64 0, i64 %zext_ln87" [../compute_row_operations.cpp:87]   --->   Operation 42 'getelementptr' 'L_cache_addr' <Predicate = (!icmp_ln87)> <Delay = 0.00>
ST_1 : Operation 43 [1/1] (0.00ns)   --->   "%L_cache_1_addr = getelementptr i32 %L_cache_1, i64 0, i64 %zext_ln87" [../compute_row_operations.cpp:87]   --->   Operation 43 'getelementptr' 'L_cache_1_addr' <Predicate = (!icmp_ln87)> <Delay = 0.00>
ST_1 : Operation 44 [1/1] (0.00ns)   --->   "%L_cache_2_addr = getelementptr i32 %L_cache_2, i64 0, i64 %zext_ln87" [../compute_row_operations.cpp:87]   --->   Operation 44 'getelementptr' 'L_cache_2_addr' <Predicate = (!icmp_ln87)> <Delay = 0.00>
ST_1 : Operation 45 [1/1] (0.00ns)   --->   "%L_cache_3_addr = getelementptr i32 %L_cache_3, i64 0, i64 %zext_ln87" [../compute_row_operations.cpp:87]   --->   Operation 45 'getelementptr' 'L_cache_3_addr' <Predicate = (!icmp_ln87)> <Delay = 0.00>
ST_1 : Operation 46 [1/1] (0.00ns)   --->   "%L_cache_4_addr = getelementptr i32 %L_cache_4, i64 0, i64 %zext_ln87" [../compute_row_operations.cpp:87]   --->   Operation 46 'getelementptr' 'L_cache_4_addr' <Predicate = (!icmp_ln87)> <Delay = 0.00>
ST_1 : Operation 47 [1/1] (0.00ns)   --->   "%L_cache_5_addr = getelementptr i32 %L_cache_5, i64 0, i64 %zext_ln87" [../compute_row_operations.cpp:87]   --->   Operation 47 'getelementptr' 'L_cache_5_addr' <Predicate = (!icmp_ln87)> <Delay = 0.00>
ST_1 : Operation 48 [1/1] (0.00ns)   --->   "%L_cache_6_addr = getelementptr i32 %L_cache_6, i64 0, i64 %zext_ln87" [../compute_row_operations.cpp:87]   --->   Operation 48 'getelementptr' 'L_cache_6_addr' <Predicate = (!icmp_ln87)> <Delay = 0.00>
ST_1 : Operation 49 [1/1] (0.00ns)   --->   "%L_cache_7_addr = getelementptr i32 %L_cache_7, i64 0, i64 %zext_ln87" [../compute_row_operations.cpp:87]   --->   Operation 49 'getelementptr' 'L_cache_7_addr' <Predicate = (!icmp_ln87)> <Delay = 0.00>
ST_1 : Operation 50 [1/1] (0.00ns)   --->   "%L_cache_8_addr = getelementptr i32 %L_cache_8, i64 0, i64 %zext_ln87" [../compute_row_operations.cpp:87]   --->   Operation 50 'getelementptr' 'L_cache_8_addr' <Predicate = (!icmp_ln87)> <Delay = 0.00>
ST_1 : Operation 51 [1/1] (0.00ns)   --->   "%L_cache_9_addr = getelementptr i32 %L_cache_9, i64 0, i64 %zext_ln87" [../compute_row_operations.cpp:87]   --->   Operation 51 'getelementptr' 'L_cache_9_addr' <Predicate = (!icmp_ln87)> <Delay = 0.00>
ST_1 : Operation 52 [1/1] (0.00ns)   --->   "%br_ln89 = br i1 %first_iter_2, void %for.inc156.split, void %for.first.iter.for.inc156" [../compute_row_operations.cpp:89]   --->   Operation 52 'br' 'br_ln89' <Predicate = (!icmp_ln87)> <Delay = 0.00>
ST_1 : Operation 53 [2/2] (0.67ns)   --->   "%L_cache_load = load i2 %L_cache_addr" [../compute_row_operations.cpp:87]   --->   Operation 53 'load' 'L_cache_load' <Predicate = (!icmp_ln87 & first_iter_2)> <Delay = 0.67> <CoreInst = "RAM">   --->   Core 82 'RAM' <Latency = 1> <II = 1> <Delay = 0.67> <Storage> <Opcode : 'load' 'store'> <Ports = 2> <Width = 32> <Depth = 3> <RAM>
ST_1 : Operation 54 [2/2] (0.67ns)   --->   "%L_cache_1_load = load i2 %L_cache_1_addr" [../compute_row_operations.cpp:87]   --->   Operation 54 'load' 'L_cache_1_load' <Predicate = (!icmp_ln87 & first_iter_2)> <Delay = 0.67> <CoreInst = "RAM">   --->   Core 82 'RAM' <Latency = 1> <II = 1> <Delay = 0.67> <Storage> <Opcode : 'load' 'store'> <Ports = 2> <Width = 32> <Depth = 3> <RAM>
ST_1 : Operation 55 [2/2] (0.67ns)   --->   "%L_cache_2_load = load i2 %L_cache_2_addr" [../compute_row_operations.cpp:87]   --->   Operation 55 'load' 'L_cache_2_load' <Predicate = (!icmp_ln87 & first_iter_2)> <Delay = 0.67> <CoreInst = "RAM">   --->   Core 82 'RAM' <Latency = 1> <II = 1> <Delay = 0.67> <Storage> <Opcode : 'load' 'store'> <Ports = 2> <Width = 32> <Depth = 3> <RAM>
ST_1 : Operation 56 [2/2] (0.67ns)   --->   "%L_cache_3_load = load i2 %L_cache_3_addr" [../compute_row_operations.cpp:87]   --->   Operation 56 'load' 'L_cache_3_load' <Predicate = (!icmp_ln87 & first_iter_2)> <Delay = 0.67> <CoreInst = "RAM">   --->   Core 82 'RAM' <Latency = 1> <II = 1> <Delay = 0.67> <Storage> <Opcode : 'load' 'store'> <Ports = 2> <Width = 32> <Depth = 3> <RAM>
ST_1 : Operation 57 [2/2] (0.67ns)   --->   "%L_cache_4_load = load i2 %L_cache_4_addr" [../compute_row_operations.cpp:87]   --->   Operation 57 'load' 'L_cache_4_load' <Predicate = (!icmp_ln87 & first_iter_2)> <Delay = 0.67> <CoreInst = "RAM">   --->   Core 82 'RAM' <Latency = 1> <II = 1> <Delay = 0.67> <Storage> <Opcode : 'load' 'store'> <Ports = 2> <Width = 32> <Depth = 3> <RAM>
ST_1 : Operation 58 [2/2] (0.67ns)   --->   "%L_cache_5_load = load i2 %L_cache_5_addr" [../compute_row_operations.cpp:87]   --->   Operation 58 'load' 'L_cache_5_load' <Predicate = (!icmp_ln87 & first_iter_2)> <Delay = 0.67> <CoreInst = "RAM">   --->   Core 82 'RAM' <Latency = 1> <II = 1> <Delay = 0.67> <Storage> <Opcode : 'load' 'store'> <Ports = 2> <Width = 32> <Depth = 3> <RAM>
ST_1 : Operation 59 [2/2] (0.67ns)   --->   "%L_cache_6_load = load i2 %L_cache_6_addr" [../compute_row_operations.cpp:87]   --->   Operation 59 'load' 'L_cache_6_load' <Predicate = (!icmp_ln87 & first_iter_2)> <Delay = 0.67> <CoreInst = "RAM">   --->   Core 82 'RAM' <Latency = 1> <II = 1> <Delay = 0.67> <Storage> <Opcode : 'load' 'store'> <Ports = 2> <Width = 32> <Depth = 3> <RAM>
ST_1 : Operation 60 [2/2] (0.67ns)   --->   "%L_cache_7_load = load i2 %L_cache_7_addr" [../compute_row_operations.cpp:87]   --->   Operation 60 'load' 'L_cache_7_load' <Predicate = (!icmp_ln87 & first_iter_2)> <Delay = 0.67> <CoreInst = "RAM">   --->   Core 82 'RAM' <Latency = 1> <II = 1> <Delay = 0.67> <Storage> <Opcode : 'load' 'store'> <Ports = 2> <Width = 32> <Depth = 3> <RAM>
ST_1 : Operation 61 [2/2] (0.67ns)   --->   "%L_cache_8_load = load i2 %L_cache_8_addr" [../compute_row_operations.cpp:87]   --->   Operation 61 'load' 'L_cache_8_load' <Predicate = (!icmp_ln87 & first_iter_2)> <Delay = 0.67> <CoreInst = "RAM">   --->   Core 82 'RAM' <Latency = 1> <II = 1> <Delay = 0.67> <Storage> <Opcode : 'load' 'store'> <Ports = 2> <Width = 32> <Depth = 3> <RAM>
ST_1 : Operation 62 [2/2] (0.67ns)   --->   "%L_cache_9_load = load i2 %L_cache_9_addr" [../compute_row_operations.cpp:87]   --->   Operation 62 'load' 'L_cache_9_load' <Predicate = (!icmp_ln87 & first_iter_2)> <Delay = 0.67> <CoreInst = "RAM">   --->   Core 82 'RAM' <Latency = 1> <II = 1> <Delay = 0.67> <Storage> <Opcode : 'load' 'store'> <Ports = 2> <Width = 32> <Depth = 3> <RAM>
ST_1 : Operation 63 [1/1] (0.79ns)   --->   "%add_ln89 = add i4 %select_ln87, i4 1" [../compute_row_operations.cpp:89]   --->   Operation 63 'add' 'add_ln89' <Predicate = (!icmp_ln87)> <Delay = 0.79> <CoreInst = "Adder">   --->   Core 1 'Adder' <Latency = 0> <II = 1> <Delay = 0.79> <FuncUnit> <Opcode : 'add' 'sub'> <InPorts = 2> <OutPorts = 1>
ST_1 : Operation 64 [1/1] (0.42ns)   --->   "%store_ln87 = store i5 %add_ln87, i5 %indvar_flatten33" [../compute_row_operations.cpp:87]   --->   Operation 64 'store' 'store_ln87' <Predicate = (!icmp_ln87)> <Delay = 0.42>
ST_1 : Operation 65 [1/1] (0.42ns)   --->   "%store_ln87 = store i2 %select_ln87_2, i2 %i" [../compute_row_operations.cpp:87]   --->   Operation 65 'store' 'store_ln87' <Predicate = (!icmp_ln87)> <Delay = 0.42>
ST_1 : Operation 66 [1/1] (0.42ns)   --->   "%store_ln89 = store i4 %add_ln89, i4 %j" [../compute_row_operations.cpp:89]   --->   Operation 66 'store' 'store_ln89' <Predicate = (!icmp_ln87)> <Delay = 0.42>

State 2 <SV = 1> <Delay = 0.67>
ST_2 : Operation 67 [1/2] ( I:0.67ns O:0.67ns )   --->   "%L_cache_load = load i2 %L_cache_addr" [../compute_row_operations.cpp:87]   --->   Operation 67 'load' 'L_cache_load' <Predicate = (first_iter_2)> <Delay = 0.67> <CoreInst = "RAM">   --->   Core 82 'RAM' <Latency = 1> <II = 1> <Delay = 0.67> <Storage> <Opcode : 'load' 'store'> <Ports = 2> <Width = 32> <Depth = 3> <RAM>
ST_2 : Operation 68 [1/2] ( I:0.67ns O:0.67ns )   --->   "%L_cache_1_load = load i2 %L_cache_1_addr" [../compute_row_operations.cpp:87]   --->   Operation 68 'load' 'L_cache_1_load' <Predicate = (first_iter_2)> <Delay = 0.67> <CoreInst = "RAM">   --->   Core 82 'RAM' <Latency = 1> <II = 1> <Delay = 0.67> <Storage> <Opcode : 'load' 'store'> <Ports = 2> <Width = 32> <Depth = 3> <RAM>
ST_2 : Operation 69 [1/2] ( I:0.67ns O:0.67ns )   --->   "%L_cache_2_load = load i2 %L_cache_2_addr" [../compute_row_operations.cpp:87]   --->   Operation 69 'load' 'L_cache_2_load' <Predicate = (first_iter_2)> <Delay = 0.67> <CoreInst = "RAM">   --->   Core 82 'RAM' <Latency = 1> <II = 1> <Delay = 0.67> <Storage> <Opcode : 'load' 'store'> <Ports = 2> <Width = 32> <Depth = 3> <RAM>
ST_2 : Operation 70 [1/2] ( I:0.67ns O:0.67ns )   --->   "%L_cache_3_load = load i2 %L_cache_3_addr" [../compute_row_operations.cpp:87]   --->   Operation 70 'load' 'L_cache_3_load' <Predicate = (first_iter_2)> <Delay = 0.67> <CoreInst = "RAM">   --->   Core 82 'RAM' <Latency = 1> <II = 1> <Delay = 0.67> <Storage> <Opcode : 'load' 'store'> <Ports = 2> <Width = 32> <Depth = 3> <RAM>
ST_2 : Operation 71 [1/2] ( I:0.67ns O:0.67ns )   --->   "%L_cache_4_load = load i2 %L_cache_4_addr" [../compute_row_operations.cpp:87]   --->   Operation 71 'load' 'L_cache_4_load' <Predicate = (first_iter_2)> <Delay = 0.67> <CoreInst = "RAM">   --->   Core 82 'RAM' <Latency = 1> <II = 1> <Delay = 0.67> <Storage> <Opcode : 'load' 'store'> <Ports = 2> <Width = 32> <Depth = 3> <RAM>
ST_2 : Operation 72 [1/2] ( I:0.67ns O:0.67ns )   --->   "%L_cache_5_load = load i2 %L_cache_5_addr" [../compute_row_operations.cpp:87]   --->   Operation 72 'load' 'L_cache_5_load' <Predicate = (first_iter_2)> <Delay = 0.67> <CoreInst = "RAM">   --->   Core 82 'RAM' <Latency = 1> <II = 1> <Delay = 0.67> <Storage> <Opcode : 'load' 'store'> <Ports = 2> <Width = 32> <Depth = 3> <RAM>
ST_2 : Operation 73 [1/2] ( I:0.67ns O:0.67ns )   --->   "%L_cache_6_load = load i2 %L_cache_6_addr" [../compute_row_operations.cpp:87]   --->   Operation 73 'load' 'L_cache_6_load' <Predicate = (first_iter_2)> <Delay = 0.67> <CoreInst = "RAM">   --->   Core 82 'RAM' <Latency = 1> <II = 1> <Delay = 0.67> <Storage> <Opcode : 'load' 'store'> <Ports = 2> <Width = 32> <Depth = 3> <RAM>
ST_2 : Operation 74 [1/2] ( I:0.67ns O:0.67ns )   --->   "%L_cache_7_load = load i2 %L_cache_7_addr" [../compute_row_operations.cpp:87]   --->   Operation 74 'load' 'L_cache_7_load' <Predicate = (first_iter_2)> <Delay = 0.67> <CoreInst = "RAM">   --->   Core 82 'RAM' <Latency = 1> <II = 1> <Delay = 0.67> <Storage> <Opcode : 'load' 'store'> <Ports = 2> <Width = 32> <Depth = 3> <RAM>
ST_2 : Operation 75 [1/2] ( I:0.67ns O:0.67ns )   --->   "%L_cache_8_load = load i2 %L_cache_8_addr" [../compute_row_operations.cpp:87]   --->   Operation 75 'load' 'L_cache_8_load' <Predicate = (first_iter_2)> <Delay = 0.67> <CoreInst = "RAM">   --->   Core 82 'RAM' <Latency = 1> <II = 1> <Delay = 0.67> <Storage> <Opcode : 'load' 'store'> <Ports = 2> <Width = 32> <Depth = 3> <RAM>
ST_2 : Operation 76 [1/2] ( I:0.67ns O:0.67ns )   --->   "%L_cache_9_load = load i2 %L_cache_9_addr" [../compute_row_operations.cpp:87]   --->   Operation 76 'load' 'L_cache_9_load' <Predicate = (first_iter_2)> <Delay = 0.67> <CoreInst = "RAM">   --->   Core 82 'RAM' <Latency = 1> <II = 1> <Delay = 0.67> <Storage> <Opcode : 'load' 'store'> <Ports = 2> <Width = 32> <Depth = 3> <RAM>
ST_2 : Operation 77 [1/1] (0.00ns)   --->   "%store_ln87 = store i32 %L_cache_load, i32 %L_cache_load19" [../compute_row_operations.cpp:87]   --->   Operation 77 'store' 'store_ln87' <Predicate = (first_iter_2)> <Delay = 0.00>
ST_2 : Operation 78 [1/1] (0.00ns)   --->   "%store_ln87 = store i32 %L_cache_1_load, i32 %L_cache_1_load17" [../compute_row_operations.cpp:87]   --->   Operation 78 'store' 'store_ln87' <Predicate = (first_iter_2)> <Delay = 0.00>
ST_2 : Operation 79 [1/1] (0.00ns)   --->   "%store_ln87 = store i32 %L_cache_2_load, i32 %L_cache_2_load15" [../compute_row_operations.cpp:87]   --->   Operation 79 'store' 'store_ln87' <Predicate = (first_iter_2)> <Delay = 0.00>
ST_2 : Operation 80 [1/1] (0.00ns)   --->   "%store_ln87 = store i32 %L_cache_3_load, i32 %L_cache_3_load13" [../compute_row_operations.cpp:87]   --->   Operation 80 'store' 'store_ln87' <Predicate = (first_iter_2)> <Delay = 0.00>
ST_2 : Operation 81 [1/1] (0.00ns)   --->   "%store_ln87 = store i32 %L_cache_4_load, i32 %L_cache_4_load11" [../compute_row_operations.cpp:87]   --->   Operation 81 'store' 'store_ln87' <Predicate = (first_iter_2)> <Delay = 0.00>
ST_2 : Operation 82 [1/1] (0.00ns)   --->   "%store_ln87 = store i32 %L_cache_5_load, i32 %L_cache_5_load9" [../compute_row_operations.cpp:87]   --->   Operation 82 'store' 'store_ln87' <Predicate = (first_iter_2)> <Delay = 0.00>
ST_2 : Operation 83 [1/1] (0.00ns)   --->   "%store_ln87 = store i32 %L_cache_6_load, i32 %L_cache_6_load7" [../compute_row_operations.cpp:87]   --->   Operation 83 'store' 'store_ln87' <Predicate = (first_iter_2)> <Delay = 0.00>
ST_2 : Operation 84 [1/1] (0.00ns)   --->   "%store_ln87 = store i32 %L_cache_7_load, i32 %L_cache_7_load5" [../compute_row_operations.cpp:87]   --->   Operation 84 'store' 'store_ln87' <Predicate = (first_iter_2)> <Delay = 0.00>
ST_2 : Operation 85 [1/1] (0.00ns)   --->   "%store_ln87 = store i32 %L_cache_8_load, i32 %L_cache_8_load3" [../compute_row_operations.cpp:87]   --->   Operation 85 'store' 'store_ln87' <Predicate = (first_iter_2)> <Delay = 0.00>
ST_2 : Operation 86 [1/1] (0.00ns)   --->   "%store_ln87 = store i32 %L_cache_9_load, i32 %L_cache_9_load1" [../compute_row_operations.cpp:87]   --->   Operation 86 'store' 'store_ln87' <Predicate = (first_iter_2)> <Delay = 0.00>
ST_2 : Operation 87 [1/1] (0.00ns)   --->   "%br_ln89 = br void %for.inc156.split" [../compute_row_operations.cpp:89]   --->   Operation 87 'br' 'br_ln89' <Predicate = (first_iter_2)> <Delay = 0.00>

State 3 <SV = 2> <Delay = 1.63>
ST_3 : Operation 88 [1/1] (0.00ns)   --->   "%phi_ln90_load = load i32 %phi_ln90" [../compute_row_operations.cpp:87]   --->   Operation 88 'load' 'phi_ln90_load' <Predicate = (!icmp_ln89)> <Delay = 0.00>
ST_3 : Operation 89 [1/1] (0.44ns)   --->   "%select_ln87_1 = select i1 %icmp_ln89, i32 0, i32 %phi_ln90_load" [../compute_row_operations.cpp:87]   --->   Operation 89 'select' 'select_ln87_1' <Predicate = true> <Delay = 0.44> <CoreInst = "Sel">   --->   Core 73 'Sel' <Latency = 0> <II = 1> <Delay = 0.44> <FuncUnit> <Opcode : 'select'> <InPorts = 3> <OutPorts = 1>
ST_3 : Operation 90 [1/1] (0.00ns)   --->   "%L_cache_9_load_1 = load i32 %L_cache_9_load1" [../compute_row_operations.cpp:90]   --->   Operation 90 'load' 'L_cache_9_load_1' <Predicate = (select_ln87 == 9)> <Delay = 0.00>
ST_3 : Operation 91 [1/1] (0.00ns)   --->   "%L_cache_8_load_1 = load i32 %L_cache_8_load3" [../compute_row_operations.cpp:90]   --->   Operation 91 'load' 'L_cache_8_load_1' <Predicate = (select_ln87 == 8)> <Delay = 0.00>
ST_3 : Operation 92 [1/1] (0.00ns)   --->   "%L_cache_7_load_1 = load i32 %L_cache_7_load5" [../compute_row_operations.cpp:90]   --->   Operation 92 'load' 'L_cache_7_load_1' <Predicate = (select_ln87 == 7)> <Delay = 0.00>
ST_3 : Operation 93 [1/1] (0.00ns)   --->   "%L_cache_6_load_1 = load i32 %L_cache_6_load7" [../compute_row_operations.cpp:90]   --->   Operation 93 'load' 'L_cache_6_load_1' <Predicate = (select_ln87 == 6)> <Delay = 0.00>
ST_3 : Operation 94 [1/1] (0.00ns)   --->   "%L_cache_5_load_1 = load i32 %L_cache_5_load9" [../compute_row_operations.cpp:90]   --->   Operation 94 'load' 'L_cache_5_load_1' <Predicate = (select_ln87 == 5)> <Delay = 0.00>
ST_3 : Operation 95 [1/1] (0.00ns)   --->   "%L_cache_4_load_1 = load i32 %L_cache_4_load11" [../compute_row_operations.cpp:90]   --->   Operation 95 'load' 'L_cache_4_load_1' <Predicate = (select_ln87 == 4)> <Delay = 0.00>
ST_3 : Operation 96 [1/1] (0.00ns)   --->   "%L_cache_3_load_1 = load i32 %L_cache_3_load13" [../compute_row_operations.cpp:90]   --->   Operation 96 'load' 'L_cache_3_load_1' <Predicate = (select_ln87 == 3)> <Delay = 0.00>
ST_3 : Operation 97 [1/1] (0.00ns)   --->   "%L_cache_2_load_1 = load i32 %L_cache_2_load15" [../compute_row_operations.cpp:90]   --->   Operation 97 'load' 'L_cache_2_load_1' <Predicate = (select_ln87 == 2)> <Delay = 0.00>
ST_3 : Operation 98 [1/1] (0.00ns)   --->   "%L_cache_1_load_1 = load i32 %L_cache_1_load17" [../compute_row_operations.cpp:90]   --->   Operation 98 'load' 'L_cache_1_load_1' <Predicate = (select_ln87 == 1)> <Delay = 0.00>
ST_3 : Operation 99 [1/1] (0.00ns)   --->   "%L_cache_load_1 = load i32 %L_cache_load19" [../compute_row_operations.cpp:90]   --->   Operation 99 'load' 'L_cache_load_1' <Predicate = (select_ln87 == 0)> <Delay = 0.00>
ST_3 : Operation 100 [1/1] (0.00ns)   --->   "%trunc_ln89 = trunc i4 %select_ln87" [../compute_row_operations.cpp:89]   --->   Operation 100 'trunc' 'trunc_ln89' <Predicate = true> <Delay = 0.00>
ST_3 : Operation 101 [1/1] (0.00ns)   --->   "%specpipeline_ln89 = specpipeline void @_ssdm_op_SpecPipeline, i32 4294967295, i32 0, i32 0, i32 0, void @empty_3" [../compute_row_operations.cpp:89]   --->   Operation 101 'specpipeline' 'specpipeline_ln89' <Predicate = true> <Delay = 0.00>
ST_3 : Operation 102 [1/1] (0.75ns)   --->   "%tmp_8 = sparsemux i32 @_ssdm_op_SparseMux.ap_auto.10float.float.i4, i4 0, i32 %L_cache_load_1, i4 1, i32 %L_cache_1_load_1, i4 2, i32 %L_cache_2_load_1, i4 3, i32 %L_cache_3_load_1, i4 4, i32 %L_cache_4_load_1, i4 5, i32 %L_cache_5_load_1, i4 6, i32 %L_cache_6_load_1, i4 7, i32 %L_cache_7_load_1, i4 8, i32 %L_cache_8_load_1, i4 9, i32 %L_cache_9_load_1, i32 <undef>, i4 %select_ln87" [../compute_row_operations.cpp:90]   --->   Operation 102 'sparsemux' 'tmp_8' <Predicate = true> <Delay = 0.75> <CoreInst = "BinarySparseMux_DontCare">   --->   Core 149 'BinarySparseMux_DontCare' <Latency = 0> <II = 1> <Delay = 0.75> <FuncUnit> <Opcode : 'sparsemux'> <InPorts = 2> <OutPorts = 1>
ST_3 : Operation 103 [1/1] (0.00ns)   --->   "%bitcast_ln90 = bitcast i32 %tmp_8" [../compute_row_operations.cpp:90]   --->   Operation 103 'bitcast' 'bitcast_ln90' <Predicate = true> <Delay = 0.00>
ST_3 : Operation 104 [1/1] (0.00ns)   --->   "%or_ln = bitconcatenate i64 @_ssdm_op_BitConcatenate.i64.i32.i32, i32 %bitcast_ln90, i32 %select_ln87_1" [../compute_row_operations.cpp:90]   --->   Operation 104 'bitconcatenate' 'or_ln' <Predicate = true> <Delay = 0.00>
ST_3 : Operation 105 [1/1] (0.00ns)   --->   "%br_ln90 = br i1 %trunc_ln89, void %for.inc156.split._crit_edge, void" [../compute_row_operations.cpp:90]   --->   Operation 105 'br' 'br_ln90' <Predicate = true> <Delay = 0.00>
ST_3 : Operation 106 [1/1] (0.44ns)   --->   "%select_ln89 = select i1 %trunc_ln89, i32 0, i32 %bitcast_ln90" [../compute_row_operations.cpp:89]   --->   Operation 106 'select' 'select_ln89' <Predicate = true> <Delay = 0.44> <CoreInst = "Sel">   --->   Core 73 'Sel' <Latency = 0> <II = 1> <Delay = 0.44> <FuncUnit> <Opcode : 'select'> <InPorts = 3> <OutPorts = 1>
ST_3 : Operation 107 [1/1] (0.42ns)   --->   "%store_ln89 = store i32 %select_ln89, i32 %phi_ln90" [../compute_row_operations.cpp:89]   --->   Operation 107 'store' 'store_ln89' <Predicate = true> <Delay = 0.42>
ST_3 : Operation 108 [1/1] (0.00ns)   --->   "%br_ln89 = br void %for.inc156" [../compute_row_operations.cpp:89]   --->   Operation 108 'br' 'br_ln89' <Predicate = true> <Delay = 0.00>
ST_3 : Operation 114 [1/1] (0.42ns)   --->   "%ret_ln0 = ret"   --->   Operation 114 'ret' 'ret_ln0' <Predicate = (icmp_ln87)> <Delay = 0.42>

State 4 <SV = 3> <Delay = 7.30>
ST_4 : Operation 109 [1/1] (0.00ns)   --->   "%gmem0_addr = getelementptr i64 %gmem0, i64 %sext_ln15_cast" [../compute_row_operations.cpp:15]   --->   Operation 109 'getelementptr' 'gmem0_addr' <Predicate = true> <Delay = 0.00>
ST_4 : Operation 110 [1/1] (0.00ns)   --->   "%specloopname_ln0 = specloopname void @_ssdm_op_SpecLoopName, void @VITIS_LOOP_87_9_VITIS_LOOP_89_10_str"   --->   Operation 110 'specloopname' 'specloopname_ln0' <Predicate = true> <Delay = 0.00>
ST_4 : Operation 111 [1/1] (0.00ns)   --->   "%speclooptripcount_ln0 = speclooptripcount void @_ssdm_op_SpecLoopTripCount, i64 30, i64 30, i64 30"   --->   Operation 111 'speclooptripcount' 'speclooptripcount_ln0' <Predicate = true> <Delay = 0.00>
ST_4 : Operation 112 [1/1] (7.30ns)   --->   "%write_ln90 = write void @_ssdm_op_Write.m_axi.p1i64, i64 %gmem0_addr, i64 %or_ln, i8 255" [../compute_row_operations.cpp:90]   --->   Operation 112 'write' 'write_ln90' <Predicate = (trunc_ln89)> <Delay = 7.30> <CoreInst = "m_axi">   --->   Core 119 'm_axi' <Latency = 5> <II = 1> <Delay = 1.00> <Adapter> <Opcode : 'read' 'write' 'readreq' 'writereq' 'writeresp'>
ST_4 : Operation 113 [1/1] (0.00ns)   --->   "%br_ln90 = br void %for.inc156.split._crit_edge" [../compute_row_operations.cpp:90]   --->   Operation 113 'br' 'br_ln90' <Predicate = (trunc_ln89)> <Delay = 0.00>


============================================================
+ Verbose Summary: Timing violations
============================================================
Target clock period: 10.000ns, clock uncertainty: 2.700ns.

 <State 1>: 2.839ns
The critical path consists of the following:
	'store' operation 0 bit ('store_ln89', ../compute_row_operations.cpp:89) of constant 0 on local variable 'j', ../compute_row_operations.cpp:89 [32]  (0.427 ns)
	'load' operation 4 bit ('j_load', ../compute_row_operations.cpp:89) on local variable 'j', ../compute_row_operations.cpp:89 [43]  (0.000 ns)
	'icmp' operation 1 bit ('icmp_ln89', ../compute_row_operations.cpp:89) [48]  (0.797 ns)
	'select' operation 4 bit ('select_ln87', ../compute_row_operations.cpp:87) [49]  (0.391 ns)
	'add' operation 4 bit ('add_ln89', ../compute_row_operations.cpp:89) [109]  (0.797 ns)
	'store' operation 0 bit ('store_ln89', ../compute_row_operations.cpp:89) of variable 'add_ln89', ../compute_row_operations.cpp:89 on local variable 'j', ../compute_row_operations.cpp:89 [113]  (0.427 ns)

 <State 2>: 0.677ns
The critical path consists of the following:
	'load' operation 32 bit ('L_cache_load', ../compute_row_operations.cpp:87) on array 'L_cache' [67]  (0.677 ns)

 <State 3>: 1.630ns
The critical path consists of the following:
	'load' operation 32 bit ('L_cache_9_load_1', ../compute_row_operations.cpp:90) on local variable 'L_cache_9_load1' [89]  (0.000 ns)
	'sparsemux' operation 32 bit ('tmp_8', ../compute_row_operations.cpp:90) [101]  (0.754 ns)
	'select' operation 32 bit ('select_ln89', ../compute_row_operations.cpp:89) [110]  (0.449 ns)
	'store' operation 0 bit ('store_ln89', ../compute_row_operations.cpp:89) of variable 'select_ln89', ../compute_row_operations.cpp:89 on local variable 'phi_ln90' [114]  (0.427 ns)

 <State 4>: 7.300ns
The critical path consists of the following:
	'getelementptr' operation 64 bit ('gmem0_addr', ../compute_row_operations.cpp:15) [45]  (0.000 ns)
	bus write operation ('write_ln90', ../compute_row_operations.cpp:90) on port 'gmem0' (../compute_row_operations.cpp:90) [106]  (7.300 ns)


============================================================
+ Verbose Summary: Binding
============================================================
N/A
* FSMD analyzer results:
  - Output states:
 - Input state : 
  - Chain level:
	State 1
	State 2
	State 3
	State 4


============================================================
+ Verbose Summary: Datapath Resource usage 
============================================================
N/A
