directive:1:9: warning: HLS pragma dump _XLX_SEP_ PragmaIsValid=1_XLX_SEP_ PragmaType=top_XLX_SEP_ PragmaContext=directive_XLX_SEP_ PragmaFunction=compute_check_to_value_XLX_SEP_ PragmaOptions=name=compute_check_to_value_XLX_SEP_ [-Wdump-hls-pragmas]
#pragma HLSDIRECTIVE TOP name=compute_check_to_value
        ^
../hls_krnl_compute_check_to_value_msg.cpp:9:9: warning: HLS pragma dump _XLX_SEP_ PragmaIsValid=1_XLX_SEP_ PragmaType=interface_XLX_SEP_ PragmaContext=_XLX_SEP_ PragmaFunction=compute_check_to_value_XLX_SEP_ PragmaOptions=mode=m_axi depth=size_vnode port=syndrome bundle=gmem0_XLX_SEP_ [-Wdump-hls-pragmas]
#pragma HLS INTERFACE mode=m_axi depth=size_vnode port=syndrome bundle=gmem0
        ^
../hls_krnl_compute_check_to_value_msg.cpp:10:9: warning: HLS pragma dump _XLX_SEP_ PragmaIsValid=1_XLX_SEP_ PragmaType=interface_XLX_SEP_ PragmaContext=_XLX_SEP_ PragmaFunction=compute_check_to_value_XLX_SEP_ PragmaOptions=mode=m_axi depth=20*40 port=L bundle=gmem1_XLX_SEP_ [-Wdump-hls-pragmas]
#pragma HLS INTERFACE mode=m_axi depth=20*40 port=L bundle=gmem1
        ^
../hls_krnl_compute_check_to_value_msg.cpp:11:9: warning: HLS pragma dump _XLX_SEP_ PragmaIsValid=1_XLX_SEP_ PragmaType=interface_XLX_SEP_ PragmaContext=_XLX_SEP_ PragmaFunction=compute_check_to_value_XLX_SEP_ PragmaOptions=mode=m_axi depth=20*40 port=out bundle=gmem0_XLX_SEP_ [-Wdump-hls-pragmas]
#pragma HLS INTERFACE mode=m_axi depth=20*40 port=out bundle=gmem0
        ^
../hls_krnl_compute_check_to_value_msg.cpp:13:9: warning: HLS pragma dump _XLX_SEP_ PragmaIsValid=1_XLX_SEP_ PragmaType=loop_tripcount_XLX_SEP_ PragmaContext=_XLX_SEP_ PragmaFunction=compute_check_to_value_XLX_SEP_ PragmaOptions=min = 20 max = 20_XLX_SEP_ [-Wdump-hls-pragmas]
#pragma HLS LOOP_TRIPCOUNT min = 20 max = 20
        ^
../hls_krnl_compute_check_to_value_msg.cpp:22:9: warning: HLS pragma dump _XLX_SEP_ PragmaIsValid=1_XLX_SEP_ PragmaType=loop_tripcount_XLX_SEP_ PragmaContext=_XLX_SEP_ PragmaFunction=compute_check_to_value_XLX_SEP_ PragmaOptions=min = 40 max = 40_XLX_SEP_ [-Wdump-hls-pragmas]
#pragma HLS LOOP_TRIPCOUNT min = 40 max = 40
        ^
../hls_krnl_compute_check_to_value_msg.cpp:37:9: warning: HLS pragma dump _XLX_SEP_ PragmaIsValid=1_XLX_SEP_ PragmaType=loop_tripcount_XLX_SEP_ PragmaContext=_XLX_SEP_ PragmaFunction=compute_check_to_value_XLX_SEP_ PragmaOptions=min = 40 max = 40_XLX_SEP_ [-Wdump-hls-pragmas]
#pragma HLS LOOP_TRIPCOUNT min = 40 max = 40
        ^
7 warnings generated.
