  **** HLS Build v2025.1 6135595
INFO: [HLS 200-2005] Using work_dir /home/hugo/Road-To-TFG/HLS_Programming_FPGA/TestWorkspace/krnl_row_operations/krnl_row_operations 
INFO: [HLS 200-2176] Writing Vitis IDE component file /home/hugo/Road-To-TFG/HLS_Programming_FPGA/TestWorkspace/krnl_row_operations/krnl_row_operations/vitis-comp.json
INFO: [HLS 200-10] Creating and opening component '/home/hugo/Road-To-TFG/HLS_Programming_FPGA/TestWorkspace/krnl_row_operations/krnl_row_operations'.
INFO: [HLS 200-1505] Using default flow_target 'vivado'
Resolution: For help on HLS 200-1505 see docs.xilinx.com/access/sources/dita/topic?Doc_Version=2025.1%20English&url=ug1448-hls-guidance&resourceid=200-1505.html
INFO: [HLS 200-2174] Applying component config ini file /home/hugo/Road-To-TFG/HLS_Programming_FPGA/TestWorkspace/krnl_row_operations/hls_config.cfg
INFO: [HLS 200-1465] Applying config ini 'syn.file=../compute_row_operations.cpp' from /home/hugo/Road-To-TFG/HLS_Programming_FPGA/TestWorkspace/krnl_row_operations/hls_config.cfg(7)
INFO: [HLS 200-10] Adding design file '/home/hugo/Road-To-TFG/HLS_Programming_FPGA/TestWorkspace/compute_row_operations.cpp' to the project
INFO: [HLS 200-1465] Applying config ini 'syn.file=../compute_row_operations.h' from /home/hugo/Road-To-TFG/HLS_Programming_FPGA/TestWorkspace/krnl_row_operations/hls_config.cfg(8)
INFO: [HLS 200-10] Adding design file '/home/hugo/Road-To-TFG/HLS_Programming_FPGA/TestWorkspace/compute_row_operations.h' to the project
INFO: [HLS 200-1465] Applying config ini 'tb.file=../compute_row_operations_tb.cpp' from /home/hugo/Road-To-TFG/HLS_Programming_FPGA/TestWorkspace/krnl_row_operations/hls_config.cfg(11)
INFO: [HLS 200-10] Adding test bench file '/home/hugo/Road-To-TFG/HLS_Programming_FPGA/TestWorkspace/compute_row_operations_tb.cpp' to the project
INFO: [HLS 200-1465] Applying config ini 'tb.file=../input_row_ops.txt' from /home/hugo/Road-To-TFG/HLS_Programming_FPGA/TestWorkspace/krnl_row_operations/hls_config.cfg(12)
INFO: [HLS 200-10] Adding test bench file '/home/hugo/Road-To-TFG/HLS_Programming_FPGA/TestWorkspace/input_row_ops.txt' to the project
INFO: [HLS 200-1465] Applying config ini 'syn.top=compute_row_operations' from /home/hugo/Road-To-TFG/HLS_Programming_FPGA/TestWorkspace/krnl_row_operations/hls_config.cfg(13)
INFO: [HLS 200-1465] Applying config ini 'flow_target=vitis' from /home/hugo/Road-To-TFG/HLS_Programming_FPGA/TestWorkspace/krnl_row_operations/hls_config.cfg(4)
INFO: [HLS 200-1505] Using flow_target 'vitis'
Resolution: For help on HLS 200-1505 see docs.xilinx.com/access/sources/dita/topic?Doc_Version=2025.1%20English&url=ug1448-hls-guidance&resourceid=200-1505.html
INFO: [HLS 200-435] Setting 'open_solution -flow_target vitis' configuration: config_interface -m_axi_latency=64
INFO: [HLS 200-435] Setting 'open_solution -flow_target vitis' configuration: config_interface -m_axi_alignment_byte_size=64
INFO: [HLS 200-435] Setting 'open_solution -flow_target vitis' configuration: config_interface -m_axi_max_widen_bitwidth=512
INFO: [HLS 200-435] Setting 'open_solution -flow_target vitis' configuration: config_rtl -register_reset_num=3
INFO: [HLS 200-1465] Applying config ini 'part=xczu7ev-ffvc1156-2-e' from /home/hugo/Road-To-TFG/HLS_Programming_FPGA/TestWorkspace/krnl_row_operations/hls_config.cfg(1)
INFO: [HLS 200-1611] Setting target device to 'xczu7ev-ffvc1156-2-e'
INFO: [HLS 200-1465] Applying config ini 'clock=100MHz' from /home/hugo/Road-To-TFG/HLS_Programming_FPGA/TestWorkspace/krnl_row_operations/hls_config.cfg(9)
INFO: [SYN 201-201] Setting up clock 'default' with a period of 10ns.
INFO: [HLS 200-1465] Applying config ini 'clock_uncertainty=27%' from /home/hugo/Road-To-TFG/HLS_Programming_FPGA/TestWorkspace/krnl_row_operations/hls_config.cfg(10)
INFO: [SYN 201-201] Setting up clock 'default' with an uncertainty of 2.7ns.
INFO: [HLS 200-1465] Applying config ini 'package.output.format=rtl' from /home/hugo/Road-To-TFG/HLS_Programming_FPGA/TestWorkspace/krnl_row_operations/hls_config.cfg(5)
INFO: [HLS 200-2176] Writing Vitis IDE component file /home/hugo/Road-To-TFG/HLS_Programming_FPGA/TestWorkspace/krnl_row_operations/krnl_row_operations/vitis-comp.json
INFO: [HLS 200-111] Finished File checks and directory preparation: CPU user time: 2.22 seconds. CPU system time: 0.44 seconds. Elapsed time: 2.8 seconds; current allocated memory: 264.160 MB.
INFO: [HLS 200-10] Analyzing design file '../compute_row_operations.cpp' ... 
INFO: [HLS 200-111] Finished Source Code Analysis and Preprocessing: CPU user time: 4.37 seconds. CPU system time: 0.77 seconds. Elapsed time: 6.21 seconds; current allocated memory: 266.258 MB.
INFO: [HLS 200-777] Using interface defaults for 'Vitis' flow target.
INFO: [HLS 200-1995] There were 1,504 instructions in the design after the 'Compile/Link' phase of compilation. See the Design Size Report for more details (/home/hugo/Road-To-TFG/HLS_Programming_FPGA/TestWorkspace/krnl_row_operations/krnl_row_operations/hls/syn/report/csynth_design_size.rpt:2)
INFO: [HLS 200-1995] There were 174 instructions in the design after the 'Unroll/Inline (step 1)' phase of compilation. See the Design Size Report for more details (/home/hugo/Road-To-TFG/HLS_Programming_FPGA/TestWorkspace/krnl_row_operations/krnl_row_operations/hls/syn/report/csynth_design_size.rpt:2)
INFO: [HLS 200-1995] There were 133 instructions in the design after the 'Unroll/Inline (step 2)' phase of compilation. See the Design Size Report for more details (/home/hugo/Road-To-TFG/HLS_Programming_FPGA/TestWorkspace/krnl_row_operations/krnl_row_operations/hls/syn/report/csynth_design_size.rpt:2)
INFO: [HLS 200-1995] There were 137 instructions in the design after the 'Unroll/Inline (step 3)' phase of compilation. See the Design Size Report for more details (/home/hugo/Road-To-TFG/HLS_Programming_FPGA/TestWorkspace/krnl_row_operations/krnl_row_operations/hls/syn/report/csynth_design_size.rpt:2)
INFO: [HLS 200-1995] There were 108 instructions in the design after the 'Unroll/Inline (step 4)' phase of compilation. See the Design Size Report for more details (/home/hugo/Road-To-TFG/HLS_Programming_FPGA/TestWorkspace/krnl_row_operations/krnl_row_operations/hls/syn/report/csynth_design_size.rpt:2)
INFO: [HLS 200-1995] There were 110 instructions in the design after the 'Array/Struct (step 1)' phase of compilation. See the Design Size Report for more details (/home/hugo/Road-To-TFG/HLS_Programming_FPGA/TestWorkspace/krnl_row_operations/krnl_row_operations/hls/syn/report/csynth_design_size.rpt:2)
INFO: [HLS 200-1995] There were 110 instructions in the design after the 'Array/Struct (step 2)' phase of compilation. See the Design Size Report for more details (/home/hugo/Road-To-TFG/HLS_Programming_FPGA/TestWorkspace/krnl_row_operations/krnl_row_operations/hls/syn/report/csynth_design_size.rpt:2)
INFO: [HLS 200-1995] There were 112 instructions in the design after the 'Array/Struct (step 3)' phase of compilation. See the Design Size Report for more details (/home/hugo/Road-To-TFG/HLS_Programming_FPGA/TestWorkspace/krnl_row_operations/krnl_row_operations/hls/syn/report/csynth_design_size.rpt:2)
INFO: [HLS 200-1995] There were 116 instructions in the design after the 'Array/Struct (step 4)' phase of compilation. See the Design Size Report for more details (/home/hugo/Road-To-TFG/HLS_Programming_FPGA/TestWorkspace/krnl_row_operations/krnl_row_operations/hls/syn/report/csynth_design_size.rpt:2)
INFO: [HLS 200-1995] There were 116 instructions in the design after the 'Array/Struct (step 5)' phase of compilation. See the Design Size Report for more details (/home/hugo/Road-To-TFG/HLS_Programming_FPGA/TestWorkspace/krnl_row_operations/krnl_row_operations/hls/syn/report/csynth_design_size.rpt:2)
INFO: [HLS 200-1995] There were 116 instructions in the design after the 'Performance (step 1)' phase of compilation. See the Design Size Report for more details (/home/hugo/Road-To-TFG/HLS_Programming_FPGA/TestWorkspace/krnl_row_operations/krnl_row_operations/hls/syn/report/csynth_design_size.rpt:2)
INFO: [HLS 200-1995] There were 608 instructions in the design after the 'Performance (step 2)' phase of compilation. See the Design Size Report for more details (/home/hugo/Road-To-TFG/HLS_Programming_FPGA/TestWorkspace/krnl_row_operations/krnl_row_operations/hls/syn/report/csynth_design_size.rpt:2)
INFO: [HLS 200-1995] There were 608 instructions in the design after the 'Performance (step 3)' phase of compilation. See the Design Size Report for more details (/home/hugo/Road-To-TFG/HLS_Programming_FPGA/TestWorkspace/krnl_row_operations/krnl_row_operations/hls/syn/report/csynth_design_size.rpt:2)
INFO: [HLS 200-1995] There were 595 instructions in the design after the 'Performance (step 4)' phase of compilation. See the Design Size Report for more details (/home/hugo/Road-To-TFG/HLS_Programming_FPGA/TestWorkspace/krnl_row_operations/krnl_row_operations/hls/syn/report/csynth_design_size.rpt:2)
INFO: [HLS 200-1995] There were 867 instructions in the design after the 'HW Transforms (step 1)' phase of compilation. See the Design Size Report for more details (/home/hugo/Road-To-TFG/HLS_Programming_FPGA/TestWorkspace/krnl_row_operations/krnl_row_operations/hls/syn/report/csynth_design_size.rpt:2)
INFO: [HLS 200-1995] There were 807 instructions in the design after the 'HW Transforms (step 2)' phase of compilation. See the Design Size Report for more details (/home/hugo/Road-To-TFG/HLS_Programming_FPGA/TestWorkspace/krnl_row_operations/krnl_row_operations/hls/syn/report/csynth_design_size.rpt:2)
INFO: [HLS 214-178] Inlining function 'fp_struct<float>::data() const' into 'fp_struct<float>::to_float() const' (/wrk/ci/prod/2025.1/hls_product/continuous/640/2025.1/src/shared/hls/clib/src/hls/utils/x_hls_utils.h:322:0)
INFO: [HLS 214-178] Inlining function 'fp_struct<float>::to_float() const' into 'fp_struct<float>::to_ieee() const' (/wrk/ci/prod/2025.1/hls_product/continuous/640/2025.1/src/shared/hls/clib/src/hls/utils/x_hls_utils.h:346:0)
INFO: [HLS 214-178] Inlining function 'fp_struct<float>::fp_struct(float)' into 'float generic_copysign<float>(float, float)' (/wrk/ci/prod/2025.1/hls_product/continuous/640/2025.1/src/shared/hls/clib/hlsmath/include/FloatingPoint/hls_copysign.h:10:0)
INFO: [HLS 214-178] Inlining function 'fp_struct<float>::to_ieee() const' into 'float generic_copysign<float>(float, float)' (/wrk/ci/prod/2025.1/hls_product/continuous/640/2025.1/src/shared/hls/clib/hlsmath/include/FloatingPoint/hls_copysign.h:10:0)
INFO: [HLS 214-178] Inlining function 'float generic_copysign<float>(float, float)' into 'float generic_fabs<float>(float)' (/wrk/ci/prod/2025.1/hls_product/continuous/640/2025.1/src/shared/hls/clib/hlsmath/include/FloatingPoint/hls_fabs.h:12:0)
INFO: [HLS 214-178] Inlining function 'float generic_fabs<float>(float)' into 'fabsf' (/wrk/ci/prod/2025.1/hls_product/continuous/640/2025.1/src/shared/hls/clib/hlsmath/src/c/fabsfloat.cpp:7:0)
INFO: [HLS 214-178] Inlining function 'fabsf' into 'std::fabs(float)' (/tools/Xilinx/2025.1/Vitis/tps/lnx64/gcc-8.3.0/lib/gcc/x86_64-pc-linux-gnu/8.3.0/../../../../include/c++/8.3.0/cmath:242:0)
INFO: [HLS 214-241] Aggregating maxi variable 'non_zero' with compact=none mode in 8-bits (../compute_row_operations.cpp:7:0)
INFO: [HLS 214-376] automatically set the pipeline for Loop< VITIS_LOOP_9_1> at ../compute_row_operations.cpp:9:21 
INFO: [HLS 214-291] Loop 'VITIS_LOOP_20_2' is marked as complete unroll implied by the pipeline pragma (../compute_row_operations.cpp:20:26)
INFO: [HLS 214-291] Loop 'VITIS_LOOP_41_3' is marked as complete unroll implied by the pipeline pragma (../compute_row_operations.cpp:41:26)
INFO: [HLS 214-186] Unrolling loop 'VITIS_LOOP_20_2' (../compute_row_operations.cpp:20:26) in function 'compute_row_operations' completely with a factor of 10 (../compute_row_operations.cpp:7:0)
INFO: [HLS 214-186] Unrolling loop 'VITIS_LOOP_41_3' (../compute_row_operations.cpp:41:26) in function 'compute_row_operations' completely with a factor of 10 (../compute_row_operations.cpp:7:0)
WARNING: [HLS 214-414] Cannot apply interface mode 'ap_none' on function argument 'L' since this interface mode only supports scalar types (../compute_row_operations.cpp:7:0)
WARNING: [HLS 214-414] Cannot apply interface mode 'ap_none' on function argument 'non_zero' since this interface mode only supports scalar types (../compute_row_operations.cpp:7:0)
INFO: [HLS 200-111] Finished Compiling Optimization and Transform: CPU user time: 3.18 seconds. CPU system time: 0.51 seconds. Elapsed time: 8.22 seconds; current allocated memory: 268.266 MB.
INFO: [HLS 200-111] Finished Checking Pragmas: CPU user time: 0 seconds. CPU system time: 0 seconds. Elapsed time: 0 seconds; current allocated memory: 268.266 MB.
INFO: [HLS 200-10] Starting code transformations ...
INFO: [HLS 200-111] Finished Standard Transforms: CPU user time: 0.03 seconds. CPU system time: 0.01 seconds. Elapsed time: 0.1 seconds; current allocated memory: 269.559 MB.
INFO: [HLS 200-10] Checking synthesizability ...
INFO: [HLS 200-111] Finished Checking Synthesizability: CPU user time: 0.03 seconds. CPU system time: 0 seconds. Elapsed time: 0.04 seconds; current allocated memory: 270.086 MB.
INFO: [XFORM 203-401] Performing if-conversion on hyperblock from (../compute_row_operations.cpp:23:25) to (../compute_row_operations.cpp:21:16) in function 'compute_row_operations'... converting 5 basic blocks.
INFO: [XFORM 203-401] Performing if-conversion on hyperblock from (../compute_row_operations.cpp:23:25) to (../compute_row_operations.cpp:21:16) in function 'compute_row_operations'... converting 5 basic blocks.
INFO: [XFORM 203-401] Performing if-conversion on hyperblock from (../compute_row_operations.cpp:23:25) to (../compute_row_operations.cpp:21:16) in function 'compute_row_operations'... converting 5 basic blocks.
INFO: [XFORM 203-401] Performing if-conversion on hyperblock from (../compute_row_operations.cpp:23:25) to (../compute_row_operations.cpp:21:16) in function 'compute_row_operations'... converting 5 basic blocks.
INFO: [XFORM 203-401] Performing if-conversion on hyperblock from (../compute_row_operations.cpp:23:25) to (../compute_row_operations.cpp:21:16) in function 'compute_row_operations'... converting 5 basic blocks.
INFO: [XFORM 203-401] Performing if-conversion on hyperblock from (../compute_row_operations.cpp:23:25) to (../compute_row_operations.cpp:21:16) in function 'compute_row_operations'... converting 5 basic blocks.
INFO: [XFORM 203-401] Performing if-conversion on hyperblock from (../compute_row_operations.cpp:23:25) to (../compute_row_operations.cpp:21:16) in function 'compute_row_operations'... converting 5 basic blocks.
INFO: [XFORM 203-401] Performing if-conversion on hyperblock from (../compute_row_operations.cpp:23:25) to (../compute_row_operations.cpp:21:16) in function 'compute_row_operations'... converting 5 basic blocks.
INFO: [XFORM 203-401] Performing if-conversion on hyperblock from (../compute_row_operations.cpp:23:25) in function 'compute_row_operations'... converting 5 basic blocks.
INFO: [HLS 200-111] Finished Loop, function and other optimizations: CPU user time: 0.17 seconds. CPU system time: 0.01 seconds. Elapsed time: 0.19 seconds; current allocated memory: 295.176 MB.
INFO: [HLS 200-111] Finished Architecture Synthesis: CPU user time: 0.24 seconds. CPU system time: 0 seconds. Elapsed time: 0.26 seconds; current allocated memory: 295.176 MB.
INFO: [HLS 200-10] Starting hardware synthesis ...
INFO: [HLS 200-10] Synthesizing 'compute_row_operations' ...
INFO: [HLS 200-10] ----------------------------------------------------------------
INFO: [HLS 200-42] -- Implementing module 'compute_row_operations' 
INFO: [HLS 200-10] ----------------------------------------------------------------
INFO: [SCHED 204-11] Starting scheduling ...
INFO: [SCHED 204-61] Pipelining loop 'VITIS_LOOP_9_1'.
WARNING: [HLS 200-880] The II Violation in module 'compute_row_operations' (loop 'VITIS_LOOP_9_1'): Unable to enforce a carried dependence constraint (II = 1, distance = 1, offset = 1) between bus response operation ('gmem_addr_49_resp', ../compute_row_operations.cpp:57) on port 'gmem' (../compute_row_operations.cpp:57) and bus request operation ('data_req', ../compute_row_operations.cpp:23) on port 'gmem' (../compute_row_operations.cpp:23).
Resolution: For help on HLS 200-880 see docs.xilinx.com/access/sources/dita/topic?Doc_Version=2025.1%20English&url=ug1448-hls-guidance&resourceid=200-880.html
WARNING: [HLS 200-880] The II Violation in module 'compute_row_operations' (loop 'VITIS_LOOP_9_1'): Unable to enforce a carried dependence constraint (II = 2, distance = 1, offset = 1) between bus response operation ('gmem_addr_49_resp', ../compute_row_operations.cpp:57) on port 'gmem' (../compute_row_operations.cpp:57) and bus request operation ('data_req', ../compute_row_operations.cpp:23) on port 'gmem' (../compute_row_operations.cpp:23).
Resolution: For help on HLS 200-880 see docs.xilinx.com/access/sources/dita/topic?Doc_Version=2025.1%20English&url=ug1448-hls-guidance&resourceid=200-880.html
WARNING: [HLS 200-880] The II Violation in module 'compute_row_operations' (loop 'VITIS_LOOP_9_1'): Unable to enforce a carried dependence constraint (II = 3, distance = 1, offset = 1) between bus response operation ('gmem_addr_49_resp', ../compute_row_operations.cpp:57) on port 'gmem' (../compute_row_operations.cpp:57) and bus request operation ('data_req', ../compute_row_operations.cpp:23) on port 'gmem' (../compute_row_operations.cpp:23).
Resolution: For help on HLS 200-880 see docs.xilinx.com/access/sources/dita/topic?Doc_Version=2025.1%20English&url=ug1448-hls-guidance&resourceid=200-880.html
WARNING: [HLS 200-880] The II Violation in module 'compute_row_operations' (loop 'VITIS_LOOP_9_1'): Unable to enforce a carried dependence constraint (II = 4, distance = 1, offset = 1) between bus response operation ('gmem_addr_49_resp', ../compute_row_operations.cpp:57) on port 'gmem' (../compute_row_operations.cpp:57) and bus request operation ('data_req', ../compute_row_operations.cpp:23) on port 'gmem' (../compute_row_operations.cpp:23).
Resolution: For help on HLS 200-880 see docs.xilinx.com/access/sources/dita/topic?Doc_Version=2025.1%20English&url=ug1448-hls-guidance&resourceid=200-880.html
WARNING: [HLS 200-880] The II Violation in module 'compute_row_operations' (loop 'VITIS_LOOP_9_1'): Unable to enforce a carried dependence constraint (II = 130, distance = 1, offset = 1) between bus response operation ('gmem_addr_49_resp', ../compute_row_operations.cpp:57) on port 'gmem' (../compute_row_operations.cpp:57) and bus request operation ('data_req', ../compute_row_operations.cpp:23) on port 'gmem' (../compute_row_operations.cpp:23).
Resolution: For help on HLS 200-880 see docs.xilinx.com/access/sources/dita/topic?Doc_Version=2025.1%20English&url=ug1448-hls-guidance&resourceid=200-880.html
WARNING: [HLS 200-880] The II Violation in module 'compute_row_operations' (loop 'VITIS_LOOP_9_1'): Unable to enforce a carried dependence constraint (II = 193, distance = 1, offset = 1) between bus response operation ('gmem_addr_49_resp', ../compute_row_operations.cpp:57) on port 'gmem' (../compute_row_operations.cpp:57) and bus request operation ('data_req', ../compute_row_operations.cpp:23) on port 'gmem' (../compute_row_operations.cpp:23).
Resolution: For help on HLS 200-880 see docs.xilinx.com/access/sources/dita/topic?Doc_Version=2025.1%20English&url=ug1448-hls-guidance&resourceid=200-880.html
WARNING: [HLS 200-880] The II Violation in module 'compute_row_operations' (loop 'VITIS_LOOP_9_1'): Unable to enforce a carried dependence constraint (II = 225, distance = 1, offset = 1) between bus response operation ('gmem_addr_49_resp', ../compute_row_operations.cpp:57) on port 'gmem' (../compute_row_operations.cpp:57) and bus request operation ('data_req', ../compute_row_operations.cpp:23) on port 'gmem' (../compute_row_operations.cpp:23).
Resolution: For help on HLS 200-880 see docs.xilinx.com/access/sources/dita/topic?Doc_Version=2025.1%20English&url=ug1448-hls-guidance&resourceid=200-880.html
WARNING: [HLS 200-880] The II Violation in module 'compute_row_operations' (loop 'VITIS_LOOP_9_1'): Unable to enforce a carried dependence constraint (II = 241, distance = 1, offset = 1) between bus response operation ('gmem_addr_49_resp', ../compute_row_operations.cpp:57) on port 'gmem' (../compute_row_operations.cpp:57) and bus request operation ('data_req', ../compute_row_operations.cpp:23) on port 'gmem' (../compute_row_operations.cpp:23).
Resolution: For help on HLS 200-880 see docs.xilinx.com/access/sources/dita/topic?Doc_Version=2025.1%20English&url=ug1448-hls-guidance&resourceid=200-880.html
WARNING: [HLS 200-880] The II Violation in module 'compute_row_operations' (loop 'VITIS_LOOP_9_1'): Unable to enforce a carried dependence constraint (II = 249, distance = 1, offset = 1) between bus response operation ('gmem_addr_49_resp', ../compute_row_operations.cpp:57) on port 'gmem' (../compute_row_operations.cpp:57) and bus request operation ('data_req', ../compute_row_operations.cpp:23) on port 'gmem' (../compute_row_operations.cpp:23).
Resolution: For help on HLS 200-880 see docs.xilinx.com/access/sources/dita/topic?Doc_Version=2025.1%20English&url=ug1448-hls-guidance&resourceid=200-880.html
WARNING: [HLS 200-880] The II Violation in module 'compute_row_operations' (loop 'VITIS_LOOP_9_1'): Unable to enforce a carried dependence constraint (II = 253, distance = 1, offset = 1) between bus response operation ('gmem_addr_49_resp', ../compute_row_operations.cpp:57) on port 'gmem' (../compute_row_operations.cpp:57) and bus request operation ('data_req', ../compute_row_operations.cpp:23) on port 'gmem' (../compute_row_operations.cpp:23).
Resolution: For help on HLS 200-880 see docs.xilinx.com/access/sources/dita/topic?Doc_Version=2025.1%20English&url=ug1448-hls-guidance&resourceid=200-880.html
WARNING: [HLS 200-880] The II Violation in module 'compute_row_operations' (loop 'VITIS_LOOP_9_1'): Unable to enforce a carried dependence constraint (II = 255, distance = 1, offset = 1) between bus response operation ('gmem_addr_49_resp', ../compute_row_operations.cpp:57) on port 'gmem' (../compute_row_operations.cpp:57) and bus request operation ('data_req', ../compute_row_operations.cpp:23) on port 'gmem' (../compute_row_operations.cpp:23).
Resolution: For help on HLS 200-880 see docs.xilinx.com/access/sources/dita/topic?Doc_Version=2025.1%20English&url=ug1448-hls-guidance&resourceid=200-880.html
WARNING: [HLS 200-880] The II Violation in module 'compute_row_operations' (loop 'VITIS_LOOP_9_1'): Unable to enforce a carried dependence constraint (II = 256, distance = 1, offset = 1) between bus response operation ('gmem_addr_49_resp', ../compute_row_operations.cpp:57) on port 'gmem' (../compute_row_operations.cpp:57) and bus request operation ('data_req', ../compute_row_operations.cpp:23) on port 'gmem' (../compute_row_operations.cpp:23).
Resolution: For help on HLS 200-880 see docs.xilinx.com/access/sources/dita/topic?Doc_Version=2025.1%20English&url=ug1448-hls-guidance&resourceid=200-880.html
INFO: [SCHED 204-61] Unable to satisfy pipeline directive for loop 'VITIS_LOOP_9_1': unable to pipeline.
INFO: [SCHED 204-11] Finished scheduling.
INFO: [HLS 200-111] Finished Scheduling: CPU user time: 4.42 seconds. CPU system time: 0.09 seconds. Elapsed time: 4.83 seconds; current allocated memory: 320.902 MB.
INFO: [BIND 205-100] Starting micro-architecture generation ...
INFO: [BIND 205-101] Performing variable lifetime analysis.
INFO: [BIND 205-101] Exploring resource sharing.
INFO: [BIND 205-101] Binding ...
INFO: [BIND 205-100] Finished micro-architecture generation.
INFO: [HLS 200-111] Finished Binding: CPU user time: 8.07 seconds. CPU system time: 0.14 seconds. Elapsed time: 8.88 seconds; current allocated memory: 368.191 MB.
INFO: [HLS 200-10] ----------------------------------------------------------------
INFO: [HLS 200-10] -- Generating RTL for module 'compute_row_operations' 
INFO: [HLS 200-10] ----------------------------------------------------------------
WARNING: [RTGEN 206-101] Design contains AXI ports. Reset is fixed to synchronous and active low.
INFO: [RTGEN 206-500] Setting interface mode on port 'compute_row_operations/gmem' to 'm_axi'.
INFO: [RTGEN 206-500] Setting interface mode on port 'compute_row_operations/L' to 's_axilite & ap_none'.
INFO: [RTGEN 206-500] Setting interface mode on port 'compute_row_operations/non_zero' to 's_axilite & ap_none'.
INFO: [RTGEN 206-500] Setting interface mode on port 'compute_row_operations/syndrome' to 's_axilite & ap_none'.
INFO: [RTGEN 206-500] Setting interface mode on port 'compute_row_operations/size_checks' to 's_axilite & ap_none'.
INFO: [RTGEN 206-500] Setting interface mode on port 'compute_row_operations/size_vnode' to 's_axilite & ap_none'.
INFO: [RTGEN 206-500] Setting interface mode on function 'compute_row_operations' to 's_axilite & ap_ctrl_chain'.
INFO: [RTGEN 206-100] Bundling port 'L', 'non_zero', 'syndrome', 'size_checks', 'size_vnode' to AXI-Lite port control.
INFO: [RTGEN 206-100] Generating core module 'fcmp_32ns_32ns_1_2_no_dsp_1': 2 instance(s).
INFO: [RTGEN 206-100] Generating core module 'fmul_32ns_32ns_32_3_max_dsp_1': 1 instance(s).
INFO: [RTGEN 206-100] Generating core module 'fpext_32ns_64_2_no_dsp_1': 1 instance(s).
INFO: [RTGEN 206-100] Generating core module 'fsub_32ns_32ns_32_4_full_dsp_1': 1 instance(s).
INFO: [RTGEN 206-100] Generating core module 'sparsemux_7_2_32_1_1': 9 instance(s).
INFO: [RTGEN 206-100] Generating core module 'uitofp_32ns_32_4_no_dsp_1': 1 instance(s).
INFO: [RTGEN 206-100] Finished creating RTL model for 'compute_row_operations'.
INFO: [HLS 200-111] Finished Creating RTL model: CPU user time: 6.39 seconds. CPU system time: 0.36 seconds. Elapsed time: 7.22 seconds; current allocated memory: 417.250 MB.
INFO: [HLS 200-111] Finished Generating all RTL models: CPU user time: 3.22 seconds. CPU system time: 0.18 seconds. Elapsed time: 3.72 seconds; current allocated memory: 457.117 MB.
INFO: [HLS 200-111] Finished Updating report files: CPU user time: 0.59 seconds. CPU system time: 0.06 seconds. Elapsed time: 0.71 seconds; current allocated memory: 457.117 MB.
INFO: [VHDL 208-304] Generating VHDL RTL for compute_row_operations.
INFO: [VLOG 209-307] Generating Verilog RTL for compute_row_operations.
INFO: [HLS 200-790] **** Loop Constraint Status: All loop constraints were satisfied.
INFO: [HLS 200-789] **** Estimated Fmax: 130.79 MHz
INFO: [HLS 200-112] Total CPU user time: 33.03 seconds. Total CPU system time: 2.57 seconds. Total elapsed time: 43.29 seconds; peak allocated memory: 457.117 MB.
INFO: [v++ 60-791] Total elapsed time: 0h 0m 47s
