Fri Aug  1 19:54:39 2025: Running xcd server. This server was built by gradle.
Fri Aug  1 19:54:39 2025: Server was asked to start on port: '40381'
Fri Aug  1 19:54:39 2025: Server is using token UUID: '68da4bce-5ba7-41c2-a97f-df30499aeb8c'
Fri Aug  1 19:54:39 2025: SESSION_MGR: creating session with session uuid: '6d04a3e9-ade5-4ab9-8d63-1f78fcd2ec76' and name 'default'
Fri Aug  1 19:54:39 2025: Attempting to start server on port '40381'
Fri Aug  1 19:54:39 2025: XCD main fifo: created main fifo '/tmp/xcdmain68da4bce-5ba7-41c2-a97f-df30499aeb8c', fd read = 13
Fri Aug  1 19:54:39 2025: Running Dispatch Server
Fri Aug  1 19:54:39 2025: Version 2.2.0
Fri Aug  1 19:54:40 2025: Dispatch Server: Accepted socket connection from client
Fri Aug  1 19:54:40 2025: Starting Socket connection
Fri Aug  1 19:54:40 2025: EXCHANGE_TOKEN received, server token: 68da4bce-5ba7-41c2-a97f-df30499aeb8c, passed token: 68da4bce-5ba7-41c2-a97f-df30499aeb8c
Fri Aug  1 19:54:41 2025: DISPATCH_HANDLER: Adding handler from function makeHandler in library libxv_system_diagram
Fri Aug  1 19:54:41 2025: SESSION_MGR: creating session with session uuid: '6feaf86f-0c0f-4f93-86d5-a7eecc3f79be' and name 'vitis-run_compile_compute_check_to_value'
Fri Aug  1 19:54:41 2025: KERNEL_SVC: creating session with uuid: '6feaf86f-0c0f-4f93-86d5-a7eecc3f79be' and name 'vitis-run_compile_compute_check_to_value'
Fri Aug  1 19:54:41 2025: GUIDANCE_SMGR: creating guidance session with uuid: '6feaf86f-0c0f-4f93-86d5-a7eecc3f79be' and name 'vitis-run_compile_compute_check_to_value'
Fri Aug  1 19:54:41 2025: SYSTEM_DIAGRAM: creating session with uuid: '6feaf86f-0c0f-4f93-86d5-a7eecc3f79be' and name 'vitis-run_compile_compute_check_to_value'
Fri Aug  1 19:54:45 2025: Dispatch Server: Accepted socket connection from client
Fri Aug  1 19:54:45 2025: Starting Socket connection
Fri Aug  1 19:54:46 2025: SESSION_MGR: closing session for UUID '6feaf86f-0c0f-4f93-86d5-a7eecc3f79be' with name 'vitis-run_compile_compute_check_to_value'
Fri Aug  1 19:54:46 2025: KERNEL_SVC: closing session for UUID '6feaf86f-0c0f-4f93-86d5-a7eecc3f79be' with name 'vitis-run_compile_compute_check_to_value'
Fri Aug  1 19:54:46 2025: GUIDANCE_SMGR: closing session for UUID '6feaf86f-0c0f-4f93-86d5-a7eecc3f79be' with name 'vitis-run_compile_compute_check_to_value'
Fri Aug  1 19:54:46 2025: SYSTEM_DIAGRAM: closing session for UUID '6feaf86f-0c0f-4f93-86d5-a7eecc3f79be' with name 'vitis-run_compile_compute_check_to_value'
Fri Aug  1 19:54:46 2025: STOP_SERVER received, server token: 68da4bce-5ba7-41c2-a97f-df30499aeb8c, passed token: 68da4bce-5ba7-41c2-a97f-df30499aeb8c
Fri Aug  1 19:54:46 2025: Socket received request to stop server.
Fri Aug  1 19:54:46 2025: Dispatch Server: do_await_stop
Fri Aug  1 19:54:46 2025: Dispatch Server: stopping mainFifo_
Fri Aug  1 19:54:46 2025: XCD main fifo: Stopping
Fri Aug  1 19:54:46 2025: XCD main fifo: do_read error code: Operation canceled
Fri Aug  1 19:54:46 2025: XCD main fifo: bytes_transferred: 0
Fri Aug  1 19:54:46 2025: SERVER: destructor for server bound to port 40381
Fri Aug  1 19:54:46 2025: XCD main fifo: Good unlink of /tmp/xcdmain68da4bce-5ba7-41c2-a97f-df30499aeb8c
Fri Aug  1 19:54:46 2025: Server exiting with status 0.
Fri Aug  1 19:54:46 2025: Closing log file.
Fri Aug  1 19:59:44 2025: Running xcd server. This server was built by gradle.
Fri Aug  1 19:59:44 2025: Server was asked to start on port: '35025'
Fri Aug  1 19:59:44 2025: Server is using token UUID: 'ab73e57c-f6f8-400e-97c9-c9c509260895'
Fri Aug  1 19:59:44 2025: SESSION_MGR: creating session with session uuid: '6d04a3e9-ade5-4ab9-8d63-1f78fcd2ec76' and name 'default'
Fri Aug  1 19:59:44 2025: Attempting to start server on port '35025'
Fri Aug  1 19:59:44 2025: XCD main fifo: created main fifo '/tmp/xcdmainab73e57c-f6f8-400e-97c9-c9c509260895', fd read = 13
Fri Aug  1 19:59:44 2025: Running Dispatch Server
Fri Aug  1 19:59:44 2025: Version 2.2.0
Fri Aug  1 19:59:45 2025: Dispatch Server: Accepted socket connection from client
Fri Aug  1 19:59:45 2025: Starting Socket connection
Fri Aug  1 19:59:45 2025: EXCHANGE_TOKEN received, server token: ab73e57c-f6f8-400e-97c9-c9c509260895, passed token: ab73e57c-f6f8-400e-97c9-c9c509260895
Fri Aug  1 19:59:45 2025: DISPATCH_HANDLER: Adding handler from function makeHandler in library libxv_system_diagram
Fri Aug  1 19:59:45 2025: SESSION_MGR: creating session with session uuid: '82cbb3f5-aee4-46bd-adb0-6febeeaf9db7' and name 'vitis-run_compile_compute_check_to_value'
Fri Aug  1 19:59:45 2025: KERNEL_SVC: creating session with uuid: '82cbb3f5-aee4-46bd-adb0-6febeeaf9db7' and name 'vitis-run_compile_compute_check_to_value'
Fri Aug  1 19:59:45 2025: GUIDANCE_SMGR: creating guidance session with uuid: '82cbb3f5-aee4-46bd-adb0-6febeeaf9db7' and name 'vitis-run_compile_compute_check_to_value'
Fri Aug  1 19:59:45 2025: SYSTEM_DIAGRAM: creating session with uuid: '82cbb3f5-aee4-46bd-adb0-6febeeaf9db7' and name 'vitis-run_compile_compute_check_to_value'
Fri Aug  1 19:59:49 2025: Dispatch Server: Accepted socket connection from client
Fri Aug  1 19:59:49 2025: Starting Socket connection
Fri Aug  1 19:59:50 2025: SESSION_MGR: closing session for UUID '82cbb3f5-aee4-46bd-adb0-6febeeaf9db7' with name 'vitis-run_compile_compute_check_to_value'
Fri Aug  1 19:59:50 2025: KERNEL_SVC: closing session for UUID '82cbb3f5-aee4-46bd-adb0-6febeeaf9db7' with name 'vitis-run_compile_compute_check_to_value'
Fri Aug  1 19:59:50 2025: GUIDANCE_SMGR: closing session for UUID '82cbb3f5-aee4-46bd-adb0-6febeeaf9db7' with name 'vitis-run_compile_compute_check_to_value'
Fri Aug  1 19:59:50 2025: SYSTEM_DIAGRAM: closing session for UUID '82cbb3f5-aee4-46bd-adb0-6febeeaf9db7' with name 'vitis-run_compile_compute_check_to_value'
Fri Aug  1 19:59:50 2025: STOP_SERVER received, server token: ab73e57c-f6f8-400e-97c9-c9c509260895, passed token: ab73e57c-f6f8-400e-97c9-c9c509260895
Fri Aug  1 19:59:50 2025: Socket received request to stop server.
Fri Aug  1 19:59:50 2025: Dispatch Server: do_await_stop
Fri Aug  1 19:59:50 2025: Dispatch Server: stopping mainFifo_
Fri Aug  1 19:59:50 2025: XCD main fifo: Stopping
Fri Aug  1 19:59:50 2025: XCD main fifo: do_read error code: Operation canceled
Fri Aug  1 19:59:50 2025: XCD main fifo: bytes_transferred: 0
Fri Aug  1 19:59:50 2025: SERVER: destructor for server bound to port 35025
Fri Aug  1 19:59:50 2025: XCD main fifo: Good unlink of /tmp/xcdmainab73e57c-f6f8-400e-97c9-c9c509260895
Fri Aug  1 19:59:50 2025: Server exiting with status 0.
Fri Aug  1 19:59:50 2025: Closing log file.
Fri Aug  1 20:00:05 2025: Running xcd server. This server was built by gradle.
Fri Aug  1 20:00:05 2025: Server was asked to start on port: '37865'
Fri Aug  1 20:00:05 2025: Server is using token UUID: 'a5c03c8d-fad8-4ce4-b5d8-6719be1bf315'
Fri Aug  1 20:00:05 2025: SESSION_MGR: creating session with session uuid: '6d04a3e9-ade5-4ab9-8d63-1f78fcd2ec76' and name 'default'
Fri Aug  1 20:00:05 2025: Attempting to start server on port '37865'
Fri Aug  1 20:00:05 2025: XCD main fifo: created main fifo '/tmp/xcdmaina5c03c8d-fad8-4ce4-b5d8-6719be1bf315', fd read = 13
Fri Aug  1 20:00:05 2025: Running Dispatch Server
Fri Aug  1 20:00:05 2025: Version 2.2.0
Fri Aug  1 20:00:06 2025: Dispatch Server: Accepted socket connection from client
Fri Aug  1 20:00:06 2025: Starting Socket connection
Fri Aug  1 20:00:06 2025: EXCHANGE_TOKEN received, server token: a5c03c8d-fad8-4ce4-b5d8-6719be1bf315, passed token: a5c03c8d-fad8-4ce4-b5d8-6719be1bf315
Fri Aug  1 20:00:07 2025: DISPATCH_HANDLER: Adding handler from function makeHandler in library libxv_system_diagram
Fri Aug  1 20:00:07 2025: SESSION_MGR: creating session with session uuid: '07109e40-8dd5-4f3f-9754-5253c449d65f' and name 'v++_compile_compute_check_to_value'
Fri Aug  1 20:00:07 2025: KERNEL_SVC: creating session with uuid: '07109e40-8dd5-4f3f-9754-5253c449d65f' and name 'v++_compile_compute_check_to_value'
Fri Aug  1 20:00:07 2025: GUIDANCE_SMGR: creating guidance session with uuid: '07109e40-8dd5-4f3f-9754-5253c449d65f' and name 'v++_compile_compute_check_to_value'
Fri Aug  1 20:00:07 2025: SYSTEM_DIAGRAM: creating session with uuid: '07109e40-8dd5-4f3f-9754-5253c449d65f' and name 'v++_compile_compute_check_to_value'
Fri Aug  1 20:00:10 2025: Dispatch Server: Accepted socket connection from client
Fri Aug  1 20:00:10 2025: Starting Socket connection
Fri Aug  1 20:00:23 2025: SESSION_MGR: closing session for UUID '07109e40-8dd5-4f3f-9754-5253c449d65f' with name 'v++_compile_compute_check_to_value'
Fri Aug  1 20:00:23 2025: KERNEL_SVC: closing session for UUID '07109e40-8dd5-4f3f-9754-5253c449d65f' with name 'v++_compile_compute_check_to_value'
Fri Aug  1 20:00:23 2025: GUIDANCE_SMGR: closing session for UUID '07109e40-8dd5-4f3f-9754-5253c449d65f' with name 'v++_compile_compute_check_to_value'
Fri Aug  1 20:00:23 2025: SYSTEM_DIAGRAM: closing session for UUID '07109e40-8dd5-4f3f-9754-5253c449d65f' with name 'v++_compile_compute_check_to_value'
Fri Aug  1 20:00:23 2025: STOP_SERVER received, server token: a5c03c8d-fad8-4ce4-b5d8-6719be1bf315, passed token: a5c03c8d-fad8-4ce4-b5d8-6719be1bf315
Fri Aug  1 20:00:23 2025: Socket received request to stop server.
Fri Aug  1 20:00:23 2025: Dispatch Server: do_await_stop
Fri Aug  1 20:00:23 2025: Dispatch Server: stopping mainFifo_
Fri Aug  1 20:00:23 2025: XCD main fifo: Stopping
Fri Aug  1 20:00:23 2025: XCD main fifo: do_read error code: Operation canceled
Fri Aug  1 20:00:23 2025: XCD main fifo: bytes_transferred: 0
Fri Aug  1 20:00:23 2025: SERVER: destructor for server bound to port 37865
Fri Aug  1 20:00:23 2025: XCD main fifo: Good unlink of /tmp/xcdmaina5c03c8d-fad8-4ce4-b5d8-6719be1bf315
Fri Aug  1 20:00:23 2025: Server exiting with status 0.
Fri Aug  1 20:00:23 2025: Closing log file.
